d:\studying\projects_opengl advanced\opengl - classe (developing)\opengl\x64\debug\vc143.pdb
d:\studying\projects_opengl advanced\opengl - classe (developing)\opengl\x64\debug\vc143.idb
d:\studying\projects_opengl advanced\opengl - classe (developing)\opengl\x64\debug\shader.obj
d:\studying\projects_opengl advanced\opengl - classe (developing)\opengl\x64\debug\pista.obj
d:\studying\projects_opengl advanced\opengl - classe (developing)\opengl\x64\debug\obj3d.obj
d:\studying\projects_opengl advanced\opengl - classe (developing)\opengl\x64\debug\mesh.obj
d:\studying\projects_opengl advanced\opengl - classe (developing)\opengl\x64\debug\material.obj
d:\studying\projects_opengl advanced\opengl - classe (developing)\opengl\x64\debug\manager.obj
d:\studying\projects_opengl advanced\opengl - classe (developing)\opengl\x64\debug\main.obj
d:\studying\projects_opengl advanced\opengl - classe (developing)\opengl\x64\debug\group.obj
d:\studying\projects_opengl advanced\opengl - classe (developing)\opengl\x64\debug\face.obj
d:\studying\projects_opengl advanced\opengl - classe (developing)\opengl\x64\debug\stb_image.obj
d:\studying\projects_opengl advanced\opengl - classe (developing)\x64\debug\opengl.pdb
d:\studying\projects_opengl advanced\opengl - classe (developing)\opengl\x64\debug\opengl.tlog\cl.command.1.tlog
d:\studying\projects_opengl advanced\opengl - classe (developing)\opengl\x64\debug\opengl.tlog\cl.read.1.tlog
d:\studying\projects_opengl advanced\opengl - classe (developing)\opengl\x64\debug\opengl.tlog\cl.write.1.tlog
d:\studying\projects_opengl advanced\opengl - classe (developing)\opengl\x64\debug\opengl.tlog\link-cvtres.read.1.tlog
d:\studying\projects_opengl advanced\opengl - classe (developing)\opengl\x64\debug\opengl.tlog\link-cvtres.write.1.tlog
d:\studying\projects_opengl advanced\opengl - classe (developing)\opengl\x64\debug\opengl.tlog\link-rc.read.1.tlog
d:\studying\projects_opengl advanced\opengl - classe (developing)\opengl\x64\debug\opengl.tlog\link-rc.write.1.tlog
d:\studying\projects_opengl advanced\opengl - classe (developing)\opengl\x64\debug\opengl.tlog\link.command.1.tlog
d:\studying\projects_opengl advanced\opengl - classe (developing)\opengl\x64\debug\opengl.tlog\link.read.1.tlog
d:\studying\projects_opengl advanced\opengl - classe (developing)\opengl\x64\debug\opengl.tlog\link.read.2.tlog
d:\studying\projects_opengl advanced\opengl - classe (developing)\opengl\x64\debug\opengl.tlog\link.write.1.tlog
